2026-03-16 07:25:44 | main | ERROR    | main.py:42 | Application error: while parsing a block mapping
  in "D:\Advanced_RAG\src\config\config.yaml", line 20, column 3
expected <block end>, but found '<scalar>'
  in "D:\Advanced_RAG\src\config\config.yaml", line 21, column 12
Traceback (most recent call last):
  File "D:\Advanced_RAG\src\main.py", line 33, in main
    settings = Settings.load()
  File "D:\Advanced_RAG\src\config\settings.py", line 62, in load
    data = yaml.safe_load(f)
  File "D:\Advanced_RAG\.venv\Lib\site-packages\yaml\__init__.py", line 125, in safe_load
    return load(stream, SafeLoader)
  File "D:\Advanced_RAG\.venv\Lib\site-packages\yaml\__init__.py", line 81, in load
    return loader.get_single_data()
           ~~~~~~~~~~~~~~~~~~~~~~^^
  File "D:\Advanced_RAG\.venv\Lib\site-packages\yaml\constructor.py", line 49, in get_single_data
    node = self.get_single_node()
  File "D:\Advanced_RAG\.venv\Lib\site-packages\yaml\composer.py", line 36, in get_single_node
    document = self.compose_document()
  File "D:\Advanced_RAG\.venv\Lib\site-packages\yaml\composer.py", line 55, in compose_document
    node = self.compose_node(None, None)
  File "D:\Advanced_RAG\.venv\Lib\site-packages\yaml\composer.py", line 84, in compose_node
    node = self.compose_mapping_node(anchor)
  File "D:\Advanced_RAG\.venv\Lib\site-packages\yaml\composer.py", line 133, in compose_mapping_node
    item_value = self.compose_node(node, item_key)
  File "D:\Advanced_RAG\.venv\Lib\site-packages\yaml\composer.py", line 84, in compose_node
    node = self.compose_mapping_node(anchor)
  File "D:\Advanced_RAG\.venv\Lib\site-packages\yaml\composer.py", line 127, in compose_mapping_node
    while not self.check_event(MappingEndEvent):
              ~~~~~~~~~~~~~~~~^^^^^^^^^^^^^^^^^
  File "D:\Advanced_RAG\.venv\Lib\site-packages\yaml\parser.py", line 98, in check_event
    self.current_event = self.state()
                         ~~~~~~~~~~^^
  File "D:\Advanced_RAG\.venv\Lib\site-packages\yaml\parser.py", line 438, in parse_block_mapping_key
    raise ParserError("while parsing a block mapping", self.marks[-1],
            "expected <block end>, but found %r" % token.id, token.start_mark)
yaml.parser.ParserError: while parsing a block mapping
  in "D:\Advanced_RAG\src\config\config.yaml", line 20, column 3
expected <block end>, but found '<scalar>'
  in "D:\Advanced_RAG\src\config\config.yaml", line 21, column 12
